<?xml version="1.0" encoding="UTF-8"?>
<testng-results ignored="0" total="3" passed="3" failed="0" skipped="0">
  <reporter-output>
  </reporter-output>
  <suite started-at="2026-03-03T15:44:18 IST" name="SauceDemoSuite" finished-at="2026-03-03T15:44:29 IST" duration-ms="10272">
    <groups>
    </groups>
    <test started-at="2026-03-03T15:44:18 IST" name="AllTests" finished-at="2026-03-03T15:44:29 IST" duration-ms="10272">
      <class name="tests.LoginTest">
        <test-method is-config="true" signature="setup(java.lang.String)[pri:0, instance:tests.LoginTest@31190526]" started-at="2026-03-03T15:44:20 IST" name="setup" finished-at="2026-03-03T15:44:22 IST" duration-ms="2649" status="PASS">
          <params>
            <param index="0">
              <value>
                <![CDATA[chrome]]>
              </value>
            </param>
          </params>
          <reporter-output>
          </reporter-output>
        </test-method> <!-- setup -->
        <test-method signature="loginTest(java.lang.String,java.lang.String)[pri:0, instance:tests.LoginTest@31190526]" started-at="2026-03-03T15:44:22 IST" name="loginTest" data-provider="loginData" finished-at="2026-03-03T15:44:23 IST" duration-ms="376" status="PASS">
          <params>
            <param index="0">
              <value>
                <![CDATA[standard_user]]>
              </value>
            </param>
            <param index="1">
              <value>
                <![CDATA[secret_sauce]]>
              </value>
            </param>
          </params>
          <reporter-output>
          </reporter-output>
        </test-method> <!-- loginTest -->
        <test-method is-config="true" signature="tearDown()[pri:0, instance:tests.LoginTest@31190526]" started-at="2026-03-03T15:44:23 IST" name="tearDown" finished-at="2026-03-03T15:44:23 IST" duration-ms="208" status="PASS">
          <reporter-output>
          </reporter-output>
        </test-method> <!-- tearDown -->
        <test-method is-config="true" signature="setup(java.lang.String)[pri:0, instance:tests.LoginTest@31190526]" started-at="2026-03-03T15:44:23 IST" name="setup" finished-at="2026-03-03T15:44:25 IST" duration-ms="1993" status="PASS">
          <params>
            <param index="0">
              <value>
                <![CDATA[chrome]]>
              </value>
            </param>
          </params>
          <reporter-output>
          </reporter-output>
        </test-method> <!-- setup -->
        <test-method signature="loginTest(java.lang.String,java.lang.String)[pri:0, instance:tests.LoginTest@31190526]" started-at="2026-03-03T15:44:25 IST" name="loginTest" data-provider="loginData" finished-at="2026-03-03T15:44:25 IST" duration-ms="406" status="PASS">
          <params>
            <param index="0">
              <value>
                <![CDATA[problem_user]]>
              </value>
            </param>
            <param index="1">
              <value>
                <![CDATA[secret_sauce]]>
              </value>
            </param>
          </params>
          <reporter-output>
          </reporter-output>
        </test-method> <!-- loginTest -->
        <test-method is-config="true" signature="tearDown()[pri:0, instance:tests.LoginTest@31190526]" started-at="2026-03-03T15:44:25 IST" name="tearDown" finished-at="2026-03-03T15:44:25 IST" duration-ms="194" status="PASS">
          <reporter-output>
          </reporter-output>
        </test-method> <!-- tearDown -->
      </class> <!-- tests.LoginTest -->
      <class name="tests.OrderTest">
        <test-method is-config="true" signature="setup(java.lang.String)[pri:0, instance:tests.OrderTest@d35dea7]" started-at="2026-03-03T15:44:25 IST" name="setup" finished-at="2026-03-03T15:44:28 IST" duration-ms="2065" status="PASS">
          <params>
            <param index="0">
              <value>
                <![CDATA[chrome]]>
              </value>
            </param>
          </params>
          <reporter-output>
          </reporter-output>
        </test-method> <!-- setup -->
        <test-method signature="orderFlow()[pri:0, instance:tests.OrderTest@d35dea7]" started-at="2026-03-03T15:44:28 IST" name="orderFlow" finished-at="2026-03-03T15:44:29 IST" duration-ms="1043" status="PASS">
          <reporter-output>
          </reporter-output>
        </test-method> <!-- orderFlow -->
        <test-method is-config="true" signature="tearDown()[pri:0, instance:tests.OrderTest@d35dea7]" started-at="2026-03-03T15:44:29 IST" name="tearDown" finished-at="2026-03-03T15:44:29 IST" duration-ms="182" status="PASS">
          <reporter-output>
          </reporter-output>
        </test-method> <!-- tearDown -->
      </class> <!-- tests.OrderTest -->
    </test> <!-- AllTests -->
  </suite> <!-- SauceDemoSuite -->
</testng-results>
